Belajar/AndroidNative/app/build/intermediates/manifest_merge_blame_file/release/manifest-merger-blame-release-report.txt
1<?xml version="1.0" encoding="utf-8"?>
2<manifest xmlns:android="http://schemas.android.com/apk/res/android"
3    package="com.mphstar.androidnative"
4    android:versionCode="1"
5    android:versionName="1.0" >
6
7    <uses-sdk
8        android:minSdkVersion="24"
8-->src/main/AndroidManifest.xml
9        android:targetSdkVersion="33" />
9-->src/main/AndroidManifest.xml
10
11    <uses-permission android:name="android.permission.INTERNET" />
11-->src/main/AndroidManifest.xml:5:5-67
11-->src/main/AndroidManifest.xml:5:22-64
12    <uses-permission android:name="android.permission.POST_NOTIFICATIONS" />
12-->src/main/AndroidManifest.xml:6:5-77
12-->src/main/AndroidManifest.xml:6:22-74
13    <uses-permission android:name="android.permission.ACCESS_NETWORK_STATE" />
13-->src/main/AndroidManifest.xml:7:5-79
13-->src/main/AndroidManifest.xml:7:22-76
14    <uses-permission android:name="android.permission.WAKE_LOCK" />
14-->src/main/AndroidManifest.xml:8:5-68
14-->src/main/AndroidManifest.xml:8:22-65
15    <uses-permission android:name="android.permission.ACCESS_NOTIFICATION_POLICY" />
15-->src/main/AndroidManifest.xml:9:5-85
15-->src/main/AndroidManifest.xml:9:22-82
16
17    <!-- Required by older versions of Google Play services to create IID tokens -->
18    <uses-permission android:name="com.google.android.c2dm.permission.RECEIVE" />
18-->[com.google.firebase:firebase-messaging:23.0.3] AndroidManifest.xml:28:5-82
18-->[com.google.firebase:firebase-messaging:23.0.3] AndroidManifest.xml:28:22-79
19
20    <application
20-->src/main/AndroidManifest.xml:11:5-63:19
21        android:allowBackup="true"
21-->src/main/AndroidManifest.xml:12:9-35
22        android:appComponentFactory="androidx.core.app.CoreComponentFactory"
22-->[androidx.core:core:1.8.0] AndroidManifest.xml:24:18-86
23        android:dataExtractionRules="@xml/data_extraction_rules"
23-->src/main/AndroidManifest.xml:13:9-65
24        android:extractNativeLibs="false"
25        android:fullBackupContent="@xml/backup_rules"
25-->src/main/AndroidManifest.xml:14:9-54
26        android:icon="@drawable/ic_logo"
26-->src/main/AndroidManifest.xml:15:9-41
27        android:label="@string/app_name"
27-->src/main/AndroidManifest.xml:16:9-41
28        android:supportsRtl="true"
28-->src/main/AndroidManifest.xml:17:9-35
29        android:theme="@style/Theme.AndroidNative"
29-->src/main/AndroidManifest.xml:18:9-51
30        android:usesCleartextTraffic="true" >
30-->src/main/AndroidManifest.xml:19:9-44
31        <activity
31-->src/main/AndroidManifest.xml:21:9-23:40
32            android:name="com.mphstar.androidnative.belajar.sqllite.MainSqlLiteActivity"
32-->src/main/AndroidManifest.xml:22:13-64
33            android:exported="false" />
33-->src/main/AndroidManifest.xml:23:13-37
34        <activity
34-->src/main/AndroidManifest.xml:24:9-26:40
35            android:name="com.mphstar.androidnative.belajar.pushnotif.push_notifications"
35-->src/main/AndroidManifest.xml:25:13-65
36            android:exported="false" />
36-->src/main/AndroidManifest.xml:26:13-37
37        <activity
37-->src/main/AndroidManifest.xml:27:9-29:40
38            android:name="com.mphstar.androidnative.belajar.RestApiActivity"
38-->src/main/AndroidManifest.xml:28:13-52
39            android:exported="false" />
39-->src/main/AndroidManifest.xml:29:13-37
40        <activity
40-->src/main/AndroidManifest.xml:30:9-32:40
41            android:name="com.mphstar.androidnative.belajar.ComboBoxActivity"
41-->src/main/AndroidManifest.xml:31:13-53
42            android:exported="false" />
42-->src/main/AndroidManifest.xml:32:13-37
43        <activity
43-->src/main/AndroidManifest.xml:33:9-35:40
44            android:name="com.mphstar.androidnative.belajar.MoviesActivity"
44-->src/main/AndroidManifest.xml:34:13-51
45            android:exported="false" />
45-->src/main/AndroidManifest.xml:35:13-37
46        <activity
46-->src/main/AndroidManifest.xml:36:9-38:40
47            android:name="com.mphstar.androidnative.homeActivity"
47-->src/main/AndroidManifest.xml:37:13-41
48            android:exported="false" />
48-->src/main/AndroidManifest.xml:38:13-37
49        <activity
49-->src/main/AndroidManifest.xml:39:9-47:20
50            android:name="com.mphstar.androidnative.MainActivity"
50-->src/main/AndroidManifest.xml:40:13-41
51            android:exported="true" >
51-->src/main/AndroidManifest.xml:41:13-36
52            <intent-filter>
52-->src/main/AndroidManifest.xml:42:13-46:29
53                <action android:name="android.intent.action.MAIN" />
53-->src/main/AndroidManifest.xml:43:17-69
53-->src/main/AndroidManifest.xml:43:25-66
54
55                <category android:name="android.intent.category.LAUNCHER" />
55-->src/main/AndroidManifest.xml:45:17-77
55-->src/main/AndroidManifest.xml:45:27-74
56            </intent-filter>
57        </activity>
58
59        <service
59-->src/main/AndroidManifest.xml:49:9-55:19
60            android:name="com.mphstar.androidnative.belajar.pushnotif.MessagingService"
60-->src/main/AndroidManifest.xml:50:13-63
61            android:exported="true" >
61-->src/main/AndroidManifest.xml:51:13-36
62            <intent-filter>
62-->src/main/AndroidManifest.xml:52:13-54:29
63                <action android:name="com.google.firebase.MESSAGING_EVENT" />
63-->src/main/AndroidManifest.xml:53:17-78
63-->src/main/AndroidManifest.xml:53:25-75
64            </intent-filter>
65        </service>
66
67        <meta-data
67-->src/main/AndroidManifest.xml:57:9-59:52
68            android:name="com.google.firebase.messaging.default_notification_icon"
68-->src/main/AndroidManifest.xml:58:13-83
69            android:resource="@drawable/ic_logo" />
69-->src/main/AndroidManifest.xml:59:13-49
70        <meta-data
70-->src/main/AndroidManifest.xml:60:9-62:52
71            android:name="com.google.firebase.messaging.default_notification_color"
71-->src/main/AndroidManifest.xml:61:13-84
72            android:resource="@color/purple_500" />
72-->src/main/AndroidManifest.xml:62:13-49
73
74        <provider
74-->[com.squareup.picasso:picasso:2.8] AndroidManifest.xml:8:9-11:40
75            android:name="com.squareup.picasso.PicassoProvider"
75-->[com.squareup.picasso:picasso:2.8] AndroidManifest.xml:9:13-64
76            android:authorities="com.mphstar.androidnative.com.squareup.picasso"
76-->[com.squareup.picasso:picasso:2.8] AndroidManifest.xml:10:13-72
77            android:exported="false" />
77-->[com.squareup.picasso:picasso:2.8] AndroidManifest.xml:11:13-37
78
79        <receiver
79-->[com.google.firebase:firebase-messaging:23.0.3] AndroidManifest.xml:31:9-38:20
80            android:name="com.google.firebase.iid.FirebaseInstanceIdReceiver"
80-->[com.google.firebase:firebase-messaging:23.0.3] AndroidManifest.xml:32:13-78
81            android:exported="true"
81-->[com.google.firebase:firebase-messaging:23.0.3] AndroidManifest.xml:33:13-36
82            android:permission="com.google.android.c2dm.permission.SEND" >
82-->[com.google.firebase:firebase-messaging:23.0.3] AndroidManifest.xml:34:13-73
83            <intent-filter>
83-->[com.google.firebase:firebase-messaging:23.0.3] AndroidManifest.xml:35:13-37:29
84                <action android:name="com.google.android.c2dm.intent.RECEIVE" />
84-->[com.google.firebase:firebase-messaging:23.0.3] AndroidManifest.xml:36:17-81
84-->[com.google.firebase:firebase-messaging:23.0.3] AndroidManifest.xml:36:25-78
85            </intent-filter>
86        </receiver>
87        <!--
88             FirebaseMessagingService performs security checks at runtime,
89             but set to not exported to explicitly avoid allowing another app to call it.
90        -->
91        <service
91-->[com.google.firebase:firebase-messaging:23.0.3] AndroidManifest.xml:44:9-51:19
92            android:name="com.google.firebase.messaging.FirebaseMessagingService"
92-->[com.google.firebase:firebase-messaging:23.0.3] AndroidManifest.xml:45:13-82
93            android:directBootAware="true"
93-->[com.google.firebase:firebase-messaging:23.0.3] AndroidManifest.xml:46:13-43
94            android:exported="false" >
94-->[com.google.firebase:firebase-messaging:23.0.3] AndroidManifest.xml:47:13-37
95            <intent-filter android:priority="-500" >
95-->src/main/AndroidManifest.xml:52:13-54:29
96                <action android:name="com.google.firebase.MESSAGING_EVENT" />
96-->src/main/AndroidManifest.xml:53:17-78
96-->src/main/AndroidManifest.xml:53:25-75
97            </intent-filter>
98        </service>
99        <service
99-->[com.google.firebase:firebase-messaging:23.0.3] AndroidManifest.xml:52:9-58:19
100            android:name="com.google.firebase.components.ComponentDiscoveryService"
100-->[com.google.firebase:firebase-messaging:23.0.3] AndroidManifest.xml:53:13-84
101            android:directBootAware="true"
101-->[com.google.firebase:firebase-common:20.1.0] AndroidManifest.xml:35:13-43
102            android:exported="false" >
102-->[com.google.firebase:firebase-messaging:23.0.3] AndroidManifest.xml:54:13-37
103            <meta-data
103-->[com.google.firebase:firebase-messaging:23.0.3] AndroidManifest.xml:55:13-57:85
104                android:name="com.google.firebase.components:com.google.firebase.messaging.FirebaseMessagingRegistrar"
104-->[com.google.firebase:firebase-messaging:23.0.3] AndroidManifest.xml:56:17-119
105                android:value="com.google.firebase.components.ComponentRegistrar" />
105-->[com.google.firebase:firebase-messaging:23.0.3] AndroidManifest.xml:57:17-82
106            <meta-data
106-->[com.google.firebase:firebase-auth:19.1.0] AndroidManifest.xml:36:13-38:85
107                android:name="com.google.firebase.components:com.google.firebase.auth.FirebaseAuthRegistrar"
107-->[com.google.firebase:firebase-auth:19.1.0] AndroidManifest.xml:37:17-109
108                android:value="com.google.firebase.components.ComponentRegistrar" />
108-->[com.google.firebase:firebase-auth:19.1.0] AndroidManifest.xml:38:17-82
109            <meta-data
109-->[com.google.firebase:firebase-iid:21.1.0] AndroidManifest.xml:32:13-34:85
110                android:name="com.google.firebase.components:com.google.firebase.iid.Registrar"
110-->[com.google.firebase:firebase-iid:21.1.0] AndroidManifest.xml:33:17-96
111                android:value="com.google.firebase.components.ComponentRegistrar" />
111-->[com.google.firebase:firebase-iid:21.1.0] AndroidManifest.xml:34:17-82
112            <meta-data
112-->[com.google.firebase:firebase-datatransport:18.1.2] AndroidManifest.xml:28:13-30:85
113                android:name="com.google.firebase.components:com.google.firebase.datatransport.TransportRegistrar"
113-->[com.google.firebase:firebase-datatransport:18.1.2] AndroidManifest.xml:29:17-115
114                android:value="com.google.firebase.components.ComponentRegistrar" />
114-->[com.google.firebase:firebase-datatransport:18.1.2] AndroidManifest.xml:30:17-82
115            <meta-data
115-->[com.google.firebase:firebase-installations:17.0.1] AndroidManifest.xml:18:13-20:85
116                android:name="com.google.firebase.components:com.google.firebase.installations.FirebaseInstallationsRegistrar"
116-->[com.google.firebase:firebase-installations:17.0.1] AndroidManifest.xml:19:17-127
117                android:value="com.google.firebase.components.ComponentRegistrar" />
117-->[com.google.firebase:firebase-installations:17.0.1] AndroidManifest.xml:20:17-82
118        </service>
119
120        <activity
120-->[com.google.firebase:firebase-auth:19.1.0] AndroidManifest.xml:24:9-31:50
121            android:name="com.google.firebase.auth.internal.FederatedSignInActivity"
121-->[com.google.firebase:firebase-auth:19.1.0] AndroidManifest.xml:25:13-85
122            android:excludeFromRecents="true"
122-->[com.google.firebase:firebase-auth:19.1.0] AndroidManifest.xml:26:13-46
123            android:exported="true"
123-->[com.google.firebase:firebase-auth:19.1.0] AndroidManifest.xml:27:13-36
124            android:launchMode="singleTask"
124-->[com.google.firebase:firebase-auth:19.1.0] AndroidManifest.xml:28:13-44
125            android:permission="com.google.firebase.auth.api.gms.permission.LAUNCH_FEDERATED_SIGN_IN"
125-->[com.google.firebase:firebase-auth:19.1.0] AndroidManifest.xml:29:13-102
126            android:theme="@android:style/Theme.Translucent.NoTitleBar" />
126-->[com.google.firebase:firebase-auth:19.1.0] AndroidManifest.xml:30:13-72
127        <activity
127-->[com.google.android.gms:play-services-base:18.0.1] AndroidManifest.xml:20:9-22:45
128            android:name="com.google.android.gms.common.api.GoogleApiActivity"
128-->[com.google.android.gms:play-services-base:18.0.1] AndroidManifest.xml:20:19-85
129            android:exported="false"
129-->[com.google.android.gms:play-services-base:18.0.1] AndroidManifest.xml:22:19-43
130            android:theme="@android:style/Theme.Translucent.NoTitleBar" />
130-->[com.google.android.gms:play-services-base:18.0.1] AndroidManifest.xml:21:19-78
131
132        <provider
132-->[com.google.firebase:firebase-common:20.1.0] AndroidManifest.xml:26:9-31:39
133            android:name="com.google.firebase.provider.FirebaseInitProvider"
133-->[com.google.firebase:firebase-common:20.1.0] AndroidManifest.xml:27:13-77
134            android:authorities="com.mphstar.androidnative.firebaseinitprovider"
134-->[com.google.firebase:firebase-common:20.1.0] AndroidManifest.xml:28:13-72
135            android:directBootAware="true"
135-->[com.google.firebase:firebase-common:20.1.0] AndroidManifest.xml:29:13-43
136            android:exported="false"
136-->[com.google.firebase:firebase-common:20.1.0] AndroidManifest.xml:30:13-37
137            android:initOrder="100" />
137-->[com.google.firebase:firebase-common:20.1.0] AndroidManifest.xml:31:13-36
138
139        <meta-data
139-->[com.google.android.gms:play-services-basement:18.0.0] AndroidManifest.xml:21:9-23:69
140            android:name="com.google.android.gms.version"
140-->[com.google.android.gms:play-services-basement:18.0.0] AndroidManifest.xml:22:13-58
141            android:value="@integer/google_play_services_version" />
141-->[com.google.android.gms:play-services-basement:18.0.0] AndroidManifest.xml:23:13-66
142
143        <provider
143-->[androidx.emoji2:emoji2:1.2.0] AndroidManifest.xml:24:9-32:20
144            android:name="androidx.startup.InitializationProvider"
144-->[androidx.emoji2:emoji2:1.2.0] AndroidManifest.xml:25:13-67
145            android:authorities="com.mphstar.androidnative.androidx-startup"
145-->[androidx.emoji2:emoji2:1.2.0] AndroidManifest.xml:26:13-68
146            android:exported="false" >
146-->[androidx.emoji2:emoji2:1.2.0] AndroidManifest.xml:27:13-37
147            <meta-data
147-->[androidx.emoji2:emoji2:1.2.0] AndroidManifest.xml:29:13-31:52
148                android:name="androidx.emoji2.text.EmojiCompatInitializer"
148-->[androidx.emoji2:emoji2:1.2.0] AndroidManifest.xml:30:17-75
149                android:value="androidx.startup" />
149-->[androidx.emoji2:emoji2:1.2.0] AndroidManifest.xml:31:17-49
150            <meta-data
150-->[androidx.lifecycle:lifecycle-process:2.4.1] AndroidManifest.xml:31:13-33:52
151                android:name="androidx.lifecycle.ProcessLifecycleInitializer"
151-->[androidx.lifecycle:lifecycle-process:2.4.1] AndroidManifest.xml:32:17-78
152                android:value="androidx.startup" />
152-->[androidx.lifecycle:lifecycle-process:2.4.1] AndroidManifest.xml:33:17-49
153        </provider>
154
155        <service
155-->[com.google.android.datatransport:transport-backend-cct:3.1.3] AndroidManifest.xml:29:9-35:19
156            android:name="com.google.android.datatransport.runtime.backends.TransportBackendDiscovery"
156-->[com.google.android.datatransport:transport-backend-cct:3.1.3] AndroidManifest.xml:30:13-103
157            android:exported="false" >
157-->[com.google.android.datatransport:transport-backend-cct:3.1.3] AndroidManifest.xml:31:13-37
158            <meta-data
158-->[com.google.android.datatransport:transport-backend-cct:3.1.3] AndroidManifest.xml:32:13-34:39
159                android:name="backend:com.google.android.datatransport.cct.CctBackendFactory"
159-->[com.google.android.datatransport:transport-backend-cct:3.1.3] AndroidManifest.xml:33:17-94
160                android:value="cct" />
160-->[com.google.android.datatransport:transport-backend-cct:3.1.3] AndroidManifest.xml:34:17-36
161        </service>
162        <service
162-->[com.google.android.datatransport:transport-runtime:3.1.3] AndroidManifest.xml:26:9-30:19
163            android:name="com.google.android.datatransport.runtime.scheduling.jobscheduling.JobInfoSchedulerService"
163-->[com.google.android.datatransport:transport-runtime:3.1.3] AndroidManifest.xml:27:13-117
164            android:exported="false"
164-->[com.google.android.datatransport:transport-runtime:3.1.3] AndroidManifest.xml:28:13-37
165            android:permission="android.permission.BIND_JOB_SERVICE" >
165-->[com.google.android.datatransport:transport-runtime:3.1.3] AndroidManifest.xml:29:13-69
166        </service>
167
168        <receiver
168-->[com.google.android.datatransport:transport-runtime:3.1.3] AndroidManifest.xml:32:9-34:40
169            android:name="com.google.android.datatransport.runtime.scheduling.jobscheduling.AlarmManagerSchedulerBroadcastReceiver"
169-->[com.google.android.datatransport:transport-runtime:3.1.3] AndroidManifest.xml:33:13-132
170            android:exported="false" />
170-->[com.google.android.datatransport:transport-runtime:3.1.3] AndroidManifest.xml:34:13-37
171    </application>
172
173</manifest>